<?xml version="1.0" encoding="UTF-8"?>
<testng-results ignored="0" total="1" passed="1" failed="0" skipped="0">
  <reporter-output>
  </reporter-output>
  <suite started-at="2023-01-28T15:08:53 IST" name="Default suite" finished-at="2023-01-28T15:08:58 IST" duration-ms="4906">
    <groups>
    </groups>
    <test started-at="2023-01-28T15:08:53 IST" name="Default test" finished-at="2023-01-28T15:08:58 IST" duration-ms="4906">
      <class name="DynamicJson">
        <test-method signature="addBook()[pri:0, instance:DynamicJson@73700b80]" started-at="2023-01-28T15:08:54 IST" name="addBook" finished-at="2023-01-28T15:08:58 IST" duration-ms="4819" status="PASS">
          <reporter-output>
          </reporter-output>
        </test-method> <!-- addBook -->
      </class> <!-- DynamicJson -->
    </test> <!-- Default test -->
  </suite> <!-- Default suite -->
</testng-results>
